<?xml version="1.0" encoding="UTF-8"?>
<robot generator="Robot 7.0 (Python 3.12.4 on win32)" generated="2024-09-09T17:40:19.623985" rpa="false" schemaversion="5">
<suite id="s1" name="LoginTest" source="C:\Users\hp\RobotFrameWorkForSauceDemo\TestCases\LoginTest.robot">
<test id="s1-t1" name="LoginTest" line="12">
<kw name="Open Browser" owner="SeleniumLibrary">
<msg time="2024-09-09T17:40:20.351386" level="INFO">Opening browser 'chrome' to base url 'https://www.saucedemo.com/inventory.html'.</msg>
<arg>${siteUrl}</arg>
<arg>${Browser}</arg>
<doc>Opens a new browser instance to the optional ``url``.</doc>
<status status="PASS" start="2024-09-09T17:40:20.351386" elapsed="5.267352"/>
</kw>
<kw name="Enter Username" owner="LoginKeywords">
<kw name="Input Text" owner="SeleniumLibrary">
<msg time="2024-09-09T17:40:25.628991" level="INFO">Typing text 'performance_glitch_user' into text field 'id:user-name'.</msg>
<arg>${txt_username}</arg>
<arg>${Username}</arg>
<doc>Types the given ``text`` into the text field identified by ``locator``.</doc>
<status status="PASS" start="2024-09-09T17:40:25.627994" elapsed="0.242831"/>
</kw>
<arg>${Username}</arg>
<status status="PASS" start="2024-09-09T17:40:25.627994" elapsed="0.242831"/>
</kw>
<kw name="Enter password" owner="LoginKeywords">
<kw name="Input Text" owner="SeleniumLibrary">
<msg time="2024-09-09T17:40:25.871824" level="INFO">Typing text 'secret_sauce' into text field 'name:password'.</msg>
<arg>${txt_password}</arg>
<arg>${password}</arg>
<doc>Types the given ``text`` into the text field identified by ``locator``.</doc>
<status status="PASS" start="2024-09-09T17:40:25.871824" elapsed="0.146512"/>
</kw>
<arg>${password}</arg>
<status status="PASS" start="2024-09-09T17:40:25.870825" elapsed="0.147511"/>
</kw>
<kw name="click login" owner="LoginKeywords">
<kw name="Click Button" owner="SeleniumLibrary">
<msg time="2024-09-09T17:40:26.020683" level="INFO">Clicking button 'name:login-button'.</msg>
<arg>${btn_login}</arg>
<doc>Clicks the button identified by ``locator``.</doc>
<status status="PASS" start="2024-09-09T17:40:26.019683" elapsed="5.147641"/>
</kw>
<status status="PASS" start="2024-09-09T17:40:26.019683" elapsed="5.147641"/>
</kw>
<kw name="Sleep" owner="BuiltIn">
<msg time="2024-09-09T17:40:34.168769" level="INFO">Slept 3 seconds.</msg>
<arg>3seconds</arg>
<doc>Pauses the test executed for the given time.</doc>
<status status="PASS" start="2024-09-09T17:40:31.168322" elapsed="3.000447"/>
</kw>
<kw name="verify successful login" owner="LoginKeywords">
<kw name="Get Title" owner="SeleniumLibrary">
<doc>Returns the title of the current page.</doc>
<status status="PASS" start="2024-09-09T17:40:34.169768" elapsed="0.006980"/>
</kw>
<status status="PASS" start="2024-09-09T17:40:34.168769" elapsed="0.007979"/>
</kw>
<kw name="Close my browsers" owner="LoginKeywords">
<kw name="Close All Browsers" owner="SeleniumLibrary">
<doc>Closes all open browsers and resets the browser cache.</doc>
<status status="PASS" start="2024-09-09T17:40:34.178742" elapsed="6.368345"/>
</kw>
<status status="PASS" start="2024-09-09T17:40:34.177746" elapsed="6.369341"/>
</kw>
<status status="PASS" start="2024-09-09T17:40:20.349395" elapsed="20.198689"/>
</test>
<status status="PASS" start="2024-09-09T17:40:19.626120" elapsed="20.924450"/>
</suite>
<statistics>
<total>
<stat pass="1" fail="0" skip="0">All Tests</stat>
</total>
<tag>
</tag>
<suite>
<stat pass="1" fail="0" skip="0" id="s1" name="LoginTest">LoginTest</stat>
</suite>
</statistics>
<errors>
</errors>
</robot>
